<?xml version="1.0" encoding="UTF-8"?>
<testng-results ignored="0" total="1" passed="1" failed="0" skipped="0">
  <reporter-output>
  </reporter-output>
  <suite started-at="2024-05-28T13:58:35 IST" name="Default suite" finished-at="2024-05-28T13:59:15 IST" duration-ms="40864">
    <groups>
    </groups>
    <test started-at="2024-05-28T13:58:35 IST" name="Default test" finished-at="2024-05-28T13:59:15 IST" duration-ms="40864">
      <class name="Package_Vishwas.AmazonIPhonePurchaseTest">
        <test-method is-config="true" signature="setUp()[pri:0, instance:Package_Vishwas.AmazonIPhonePurchaseTest@7d20d0b]" started-at="2024-05-28T13:58:35 IST" name="setUp" finished-at="2024-05-28T13:58:44 IST" duration-ms="9327" status="PASS">
          <reporter-output>
          </reporter-output>
        </test-method> <!-- setUp -->
        <test-method signature="testIPhonePurchase()[pri:0, instance:Package_Vishwas.AmazonIPhonePurchaseTest@7d20d0b]" started-at="2024-05-28T13:58:44 IST" name="testIPhonePurchase" finished-at="2024-05-28T13:59:15 IST" duration-ms="31462" status="PASS">
          <reporter-output>
          </reporter-output>
        </test-method> <!-- testIPhonePurchase -->
      </class> <!-- Package_Vishwas.AmazonIPhonePurchaseTest -->
    </test> <!-- Default test -->
  </suite> <!-- Default suite -->
</testng-results>
