<?xml version="1.0" encoding="UTF-8"?>
<testng-results ignored="0" total="1" passed="1" failed="0" skipped="0">
  <reporter-output>
  </reporter-output>
  <suite started-at="2024-05-24T12:53:06 IST" name="Default suite" finished-at="2024-05-24T12:53:45 IST" duration-ms="39064">
    <groups>
    </groups>
    <test started-at="2024-05-24T12:53:06 IST" name="Default test" finished-at="2024-05-24T12:53:45 IST" duration-ms="39064">
      <class name="Package_Vishwas.AmazonIPhonePurchaseTest">
        <test-method is-config="true" signature="setUp()[pri:0, instance:Package_Vishwas.AmazonIPhonePurchaseTest@52bf72b5]" started-at="2024-05-24T12:53:06 IST" name="setUp" finished-at="2024-05-24T12:53:17 IST" duration-ms="10914" status="PASS">
          <reporter-output>
          </reporter-output>
        </test-method> <!-- setUp -->
        <test-method signature="testIPhonePurchase()[pri:0, instance:Package_Vishwas.AmazonIPhonePurchaseTest@52bf72b5]" started-at="2024-05-24T12:53:17 IST" name="testIPhonePurchase" finished-at="2024-05-24T12:53:45 IST" duration-ms="28042" status="PASS">
          <reporter-output>
          </reporter-output>
        </test-method> <!-- testIPhonePurchase -->
      </class> <!-- Package_Vishwas.AmazonIPhonePurchaseTest -->
    </test> <!-- Default test -->
  </suite> <!-- Default suite -->
</testng-results>
